<?xml version="1.0" encoding="UTF-8"?>
<!-- Generated by org.testng.reporters.JUnitReportReporter -->
<testsuite hostname="DESKTOP-L8D6NFS" failures="0" tests="2" name="TestNg.CrossBrowsing2" time="50.827" errors="0" timestamp="2023-08-23T17:24:52 IST" skipped="0">
  <testcase classname="TestNg.CrossBrowsing2" name="browswertest" time="26.401"/>
  <testcase classname="TestNg.CrossBrowsing2" name="browswertest" time="24.426"/>
</testsuite> <!-- TestNg.CrossBrowsing2 -->
