<?xml version="1.0" encoding="UTF-8"?>
<!-- Generated by org.testng.reporters.JUnitReportReporter -->
<testsuite hostname="DESKTOP-L8D6NFS" failures="0" tests="1" name="listenersss.Testclass" time="0.008" errors="0" timestamp="2023-08-25T11:36:21 IST" skipped="0">
  <testcase classname="listenersss.Testclass" name="t" time="0.008"/>
</testsuite> <!-- listenersss.Testclass -->
