<?xml version="1.0" encoding="UTF-8"?>
<!-- Generated by org.testng.reporters.JUnitReportReporter -->
<testsuite hostname="DESKTOP-L8D6NFS" failures="0" tests="1" name="TestNg1.WebTablelsPractice" time="10.143" errors="0" timestamp="2023-08-14T12:43:05 IST" skipped="0">
  <testcase classname="TestNg1.WebTablelsPractice" name="webtabletest" time="10.143"/>
</testsuite> <!-- TestNg1.WebTablelsPractice -->
