<?xml version="1.0" encoding="UTF-8"?>
<!-- Generated by org.testng.reporters.JUnitReportReporter -->
<testsuite hostname="DESKTOP-L8D6NFS" failures="0" tests="1" name="TestNG" time="0.021" errors="0" timestamp="2023-08-07T12:01:31 IST" skipped="0">
  <testcase classname="TestNG" name="testex" time="0.021"/>
</testsuite> <!-- TestNG -->
