<?xml version="1.0" encoding="UTF-8"?>
<!-- Generated by org.testng.reporters.JUnitReportReporter -->
<testsuite hostname="DESKTOP-L8D6NFS" failures="0" tests="4" name="TestNg.TestNgPratice1" time="0.033" errors="0" timestamp="2023-08-14T11:27:27 IST" skipped="0">
  <testcase classname="TestNg.TestNgPratice1" name="TestLogin1" time="0.007"/>
  <testcase classname="TestNg.TestNgPratice1" name="TestLogin1" time="0.013"/>
  <testcase classname="TestNg.TestNgPratice1" name="TestLogin1" time="0.011"/>
  <testcase classname="TestNg.TestNgPratice1" name="f" time="0.002"/>
</testsuite> <!-- TestNg.TestNgPratice1 -->
