<?xml version="1.0" encoding="UTF-8"?>
<!-- Generated by org.testng.reporters.JUnitReportReporter -->
<testsuite hostname="DESKTOP-L8D6NFS" failures="0" tests="2" name="GroupingTest.smoke" time="0.019" errors="0" timestamp="2023-08-11T15:38:40 IST" skipped="0">
  <testcase classname="GroupingTest.smoke" name="test1" time="0.016"/>
  <testcase classname="GroupingTest.smoke" name="test2" time="0.003"/>
</testsuite> <!-- GroupingTest.smoke -->
