<?xml version="1.0" encoding="UTF-8"?>
<!-- Generated by org.testng.reporters.JUnitReportReporter -->
<testsuite hostname="DESKTOP-L8D6NFS" failures="0" tests="1" name="TestNg1.Trailrun" time="9.860" errors="0" timestamp="2023-08-14T12:01:16 IST" skipped="0">
  <testcase classname="TestNg1.Trailrun" name="Webtabletest" time="9.860"/>
</testsuite> <!-- TestNg1.Trailrun -->
