<?xml version="1.0" encoding="UTF-8"?>
<!-- Generated by org.testng.reporters.JUnitReportReporter -->
<testsuite hostname="DESKTOP-L8D6NFS" failures="0" tests="1" name="listenersss.IexecutionlistenersTest2" time="35.553" errors="0" timestamp="2023-08-25T11:36:21 IST" skipped="0">
  <testcase classname="listenersss.IexecutionlistenersTest2" name="f" time="35.553"/>
</testsuite> <!-- listenersss.IexecutionlistenersTest2 -->
