<?xml version="1.0" encoding="UTF-8"?>
<!-- Generated by org.testng.reporters.JUnitReportReporter -->
<testsuite hostname="DESKTOP-L8D6NFS" failures="0" tests="1" name="TestNg1.WebTablesTest2" time="18.263" errors="0" timestamp="2023-08-16T10:45:05 IST" skipped="0">
  <testcase classname="TestNg1.WebTablesTest2" name="webtable" time="18.263"/>
</testsuite> <!-- TestNg1.WebTablesTest2 -->
