<?xml version="1.0" encoding="UTF-8"?>
<!-- Generated by org.testng.reporters.JUnitReportReporter -->
<testsuite hostname="DESKTOP-L8D6NFS" failures="0" tests="1" name="TestNg.ExcelDataGet" time="2.059" errors="0" timestamp="2023-08-09T17:57:34 IST" skipped="0">
  <testcase classname="TestNg.ExcelDataGet" name="getdata" time="2.059"/>
</testsuite> <!-- TestNg.ExcelDataGet -->
