<?xml version="1.0" encoding="UTF-8"?>
<!-- Generated by org.testng.reporters.JUnitReportReporter -->
<testsuite hostname="DESKTOP-L8D6NFS" failures="0" tests="1" name="GroupingTest.NewTest1" time="0.046" errors="0" timestamp="2023-08-10T15:56:34 IST" skipped="0">
  <testcase classname="GroupingTest.NewTest1" name="test3" time="0.046"/>
</testsuite> <!-- GroupingTest.NewTest1 -->
