<?xml version="1.0" encoding="UTF-8"?>
<!-- Generated by org.testng.reporters.JUnitReportReporter -->
<testsuite hostname="DESKTOP-L8D6NFS" failures="0" tests="2" name="listenersss.Iexecutionlisteners" time="0.042" errors="0" timestamp="2023-08-24T15:31:54 IST" skipped="0">
  <testcase classname="listenersss.Iexecutionlisteners" name="onExecutionFinish" time="0.037"/>
  <testcase classname="listenersss.Iexecutionlisteners" name="onExecutionStart" time="0.005"/>
</testsuite> <!-- listenersss.Iexecutionlisteners -->
